<?xml version="1.0" encoding="UTF-8"?>
<testsuite name="TestSuite" time="15.366" tests="6" errors="0" skipped="0" failures="5">
  <properties>
    <property name="java.runtime.name" value="Java(TM) SE Runtime Environment"/>
    <property name="sun.boot.library.path" value="C:\Program Files\Java\jdk1.8.0_162\jre\bin"/>
    <property name="java.vm.version" value="25.162-b12"/>
    <property name="java.vm.vendor" value="Oracle Corporation"/>
    <property name="maven.multiModuleProjectDirectory" value="C:\workspaces\selenium\datadirven"/>
    <property name="java.vendor.url" value="http://java.oracle.com/"/>
    <property name="path.separator" value=";"/>
    <property name="guice.disable.misplaced.annotation.check" value="true"/>
    <property name="java.vm.name" value="Java HotSpot(TM) 64-Bit Server VM"/>
    <property name="file.encoding.pkg" value="sun.io"/>
    <property name="user.script" value=""/>
    <property name="user.country" value="CA"/>
    <property name="sun.java.launcher" value="SUN_STANDARD"/>
    <property name="sun.os.patch.level" value=""/>
    <property name="java.vm.specification.name" value="Java Virtual Machine Specification"/>
    <property name="user.dir" value="C:\workspaces\selenium\datadirven"/>
    <property name="java.runtime.version" value="1.8.0_162-b12"/>
    <property name="java.awt.graphicsenv" value="sun.awt.Win32GraphicsEnvironment"/>
    <property name="java.endorsed.dirs" value="C:\Program Files\Java\jdk1.8.0_162\jre\lib\endorsed"/>
    <property name="os.arch" value="amd64"/>
    <property name="java.io.tmpdir" value="C:\Users\grace\AppData\Local\Temp\"/>
    <property name="line.separator" value="&#10;"/>
    <property name="java.vm.specification.vendor" value="Oracle Corporation"/>
    <property name="user.variant" value=""/>
    <property name="os.name" value="Windows 10"/>
    <property name="classworlds.conf" value="C:\workspaces\selenium\.metadata\.plugins\org.eclipse.m2e.launching\launches\m2conf6644246363513324789.tmp"/>
    <property name="sun.jnu.encoding" value="MS949"/>
    <property name="java.library.path" value="C:\Program Files\Java\jdk1.8.0_162\bin;C:\WINDOWS\Sun\Java\bin;C:\WINDOWS\system32;C:\WINDOWS;C:\Program Files\Java\jdk1.8.0_162\jre\bin;C:/Program Files/Java/jre1.8.0_162/bin/server;C:/Program Files/Java/jre1.8.0_162/bin;C:/Program Files/Java/jre1.8.0_162/lib/amd64;C:\Program Files (x86)\NetSarang\Xshell 6\;C:\ProgramData\Oracle\Java\javapath;C:\Program Files (x86)\Intel\iCLS Client\;C:\Program Files\Intel\iCLS Client\;C:\WINDOWS\system32;C:\WINDOWS;C:\WINDOWS\System32\Wbem;C:\WINDOWS\System32\WindowsPowerShell\v1.0\;C:\Program Files\Intel\WiFi\bin\;C:\Program Files\Common Files\Intel\WirelessCommon\;C:\Program Files (x86)\Intel\Intel(R) Management Engine Components\DAL;C:\Program Files\Intel\Intel(R) Management Engine Components\DAL;C:\Program Files (x86)\Intel\Intel(R) Management Engine Components\IPT;C:\Program Files\Intel\Intel(R) Management Engine Components\IPT;C:\Program Files\Git\cmd;C:\WINDOWS\System32\OpenSSH\;C:\Program Files\Microsoft VS Code\bin;C:\Program Files (x86)\Microsoft SQL Server\Client SDK\ODBC\130\Tools\Binn\;C:\Program Files (x86)\Microsoft SQL Server\140\Tools\Binn\;C:\Program Files (x86)\Microsoft SQL Server\140\DTS\Binn\;C:\Program Files (x86)\Microsoft SQL Server\140\Tools\Binn\ManagementStudio\;C:\Program Files\MongoDB\Server\4.0\bin;C:\Program Files\dotnet\;C:\Program Files\Microsoft SQL Server\130\Tools\Binn\;C:\Users\grace\AppData\Local\Microsoft\WindowsApps;C:\Program Files\Microsoft VS Code\bin;C:\Users\grace\AppData\Local\atom\bin;%USERPROFILE%\AppData\Local\Microsoft\WindowsApps;;C:\Program Files\eclipse\eclipse-jee-photon-R-win32-x86_64\eclipse;;."/>
    <property name="java.specification.name" value="Java Platform API Specification"/>
    <property name="java.class.version" value="52.0"/>
    <property name="sun.management.compiler" value="HotSpot 64-Bit Tiered Compilers"/>
    <property name="os.version" value="10.0"/>
    <property name="user.home" value="C:\Users\grace"/>
    <property name="user.timezone" value="America/New_York"/>
    <property name="java.awt.printerjob" value="sun.awt.windows.WPrinterJob"/>
    <property name="java.specification.version" value="1.8"/>
    <property name="file.encoding" value="MS949"/>
    <property name="user.name" value="grace"/>
    <property name="java.class.path" value="C:\Program Files\eclipse\eclipse-jee-photon-R-win32-x86_64\eclipse\plugins\org.eclipse.m2e.maven.runtime_1.9.0.20180606-2035\jars\plexus-classworlds-2.5.2.jar;C:\Program Files\eclipse\eclipse-jee-photon-R-win32-x86_64\eclipse\configuration\org.eclipse.osgi\418\0\.cp\lib\javaagent-shaded.jar"/>
    <property name="java.vm.specification.version" value="1.8"/>
    <property name="sun.arch.data.model" value="64"/>
    <property name="java.home" value="C:\Program Files\Java\jdk1.8.0_162\jre"/>
    <property name="sun.java.command" value="org.codehaus.plexus.classworlds.launcher.Launcher -B test"/>
    <property name="java.specification.vendor" value="Oracle Corporation"/>
    <property name="user.language" value="en"/>
    <property name="awt.toolkit" value="sun.awt.windows.WToolkit"/>
    <property name="java.vm.info" value="mixed mode"/>
    <property name="java.version" value="1.8.0_162"/>
    <property name="java.ext.dirs" value="C:\Program Files\Java\jdk1.8.0_162\jre\lib\ext;C:\WINDOWS\Sun\Java\lib\ext"/>
    <property name="sun.boot.class.path" value="C:\Program Files\Java\jdk1.8.0_162\jre\lib\resources.jar;C:\Program Files\Java\jdk1.8.0_162\jre\lib\rt.jar;C:\Program Files\Java\jdk1.8.0_162\jre\lib\sunrsasign.jar;C:\Program Files\Java\jdk1.8.0_162\jre\lib\jsse.jar;C:\Program Files\Java\jdk1.8.0_162\jre\lib\jce.jar;C:\Program Files\Java\jdk1.8.0_162\jre\lib\charsets.jar;C:\Program Files\Java\jdk1.8.0_162\jre\lib\jfr.jar;C:\Program Files\Java\jdk1.8.0_162\jre\classes"/>
    <property name="java.vendor" value="Oracle Corporation"/>
    <property name="maven.home" value="C:\workspaces\selenium\datadirven\EMBEDDED"/>
    <property name="file.separator" value="\"/>
    <property name="java.vendor.url.bug" value="http://bugreport.sun.com/bugreport/"/>
    <property name="sun.cpu.endian" value="little"/>
    <property name="sun.io.unicode.encoding" value="UnicodeLittle"/>
    <property name="sun.desktop" value="windows"/>
    <property name="sun.cpu.isalist" value="amd64"/>
  </properties>
  <testcase name="loginAsBankManager" classname="com.jungah.testautomation.selenium.datadirven.testcases.BankManagerLoginTest" time="3.596"/>
  <testcase name="addCustomerTest" classname="com.jungah.testautomation.selenium.datadirven.testcases.AddCustomerTest" time="0.98">
    <failure message="Cannot find elements when the selector is null" type="java.lang.IllegalArgumentException"><![CDATA[java.lang.IllegalArgumentException: Cannot find elements when the selector is null
	at org.openqa.selenium.By$ByCssSelector.<init>(By.java:422)
	at org.openqa.selenium.By.cssSelector(By.java:116)
	at com.jungah.testautomation.selenium.datadirven.base.TestBase.click(TestBase.java:116)
	at com.jungah.testautomation.selenium.datadirven.testcases.AddCustomerTest.addCustomerTest(AddCustomerTest.java:23)
]]></failure>
    <system-out><![CDATA[sheetName: addCustomerTest
rows: 5
cols: 4
=======locator  addCustBtn_CSS
========OR.getProperty  button[ng-click='addCust()']
=======locator  addbtn_CSS
========OR.getProperty  null
DEBUG   15577   [freemark] (): Couldn't find template in cache for "Extent.ftl"("en_CA", UTF-8, parsed); will try to load it.
DEBUG   15577   [freemark] (): TemplateLoader.findTemplateSource("Extent_en_CA.ftl"): Not found
DEBUG   15577   [freemark] (): TemplateLoader.findTemplateSource("Extent_en.ftl"): Not found
DEBUG   15577   [freemark] (): TemplateLoader.findTemplateSource("Extent.ftl"): Found
DEBUG   15577   [freemark] (): Loading template for "Extent.ftl"("en_CA", UTF-8, parsed) from "jar:file:/C:/Users/grace/.m2/repository/com/relevantcodes/extentreports/2.41.2/extentreports-2.41.2.jar!/com/relevantcodes/extentreports/view/Extent.ftl"
]]></system-out>
  </testcase>
  <testcase name="addCustomerTest" classname="com.jungah.testautomation.selenium.datadirven.testcases.AddCustomerTest" time="0.52">
    <failure message="Cannot find elements when the selector is null" type="java.lang.IllegalArgumentException"><![CDATA[java.lang.IllegalArgumentException: Cannot find elements when the selector is null
	at org.openqa.selenium.By$ByCssSelector.<init>(By.java:422)
	at org.openqa.selenium.By.cssSelector(By.java:116)
	at com.jungah.testautomation.selenium.datadirven.base.TestBase.click(TestBase.java:116)
	at com.jungah.testautomation.selenium.datadirven.testcases.AddCustomerTest.addCustomerTest(AddCustomerTest.java:23)
]]></failure>
    <system-out><![CDATA[=======locator  addCustBtn_CSS
========OR.getProperty  button[ng-click='addCust()']
=======locator  addbtn_CSS
========OR.getProperty  null
DEBUG   15577   [freemark] (): Couldn't find template in cache for "Extent.ftl"("en_CA", UTF-8, parsed); will try to load it.
DEBUG   15577   [freemark] (): TemplateLoader.findTemplateSource("Extent_en_CA.ftl"): Not found
DEBUG   15577   [freemark] (): TemplateLoader.findTemplateSource("Extent_en.ftl"): Not found
DEBUG   15577   [freemark] (): TemplateLoader.findTemplateSource("Extent.ftl"): Found
DEBUG   15577   [freemark] (): Loading template for "Extent.ftl"("en_CA", UTF-8, parsed) from "jar:file:/C:/Users/grace/.m2/repository/com/relevantcodes/extentreports/2.41.2/extentreports-2.41.2.jar!/com/relevantcodes/extentreports/view/Extent.ftl"
]]></system-out>
  </testcase>
  <testcase name="addCustomerTest" classname="com.jungah.testautomation.selenium.datadirven.testcases.AddCustomerTest" time="0.506">
    <failure message="Cannot find elements when the selector is null" type="java.lang.IllegalArgumentException"><![CDATA[java.lang.IllegalArgumentException: Cannot find elements when the selector is null
	at org.openqa.selenium.By$ByCssSelector.<init>(By.java:422)
	at org.openqa.selenium.By.cssSelector(By.java:116)
	at com.jungah.testautomation.selenium.datadirven.base.TestBase.click(TestBase.java:116)
	at com.jungah.testautomation.selenium.datadirven.testcases.AddCustomerTest.addCustomerTest(AddCustomerTest.java:23)
]]></failure>
    <system-out><![CDATA[=======locator  addCustBtn_CSS
========OR.getProperty  button[ng-click='addCust()']
=======locator  addbtn_CSS
========OR.getProperty  null
DEBUG   15577   [freemark] (): Couldn't find template in cache for "Extent.ftl"("en_CA", UTF-8, parsed); will try to load it.
DEBUG   15577   [freemark] (): TemplateLoader.findTemplateSource("Extent_en_CA.ftl"): Not found
DEBUG   15577   [freemark] (): TemplateLoader.findTemplateSource("Extent_en.ftl"): Not found
DEBUG   15577   [freemark] (): TemplateLoader.findTemplateSource("Extent.ftl"): Found
DEBUG   15577   [freemark] (): Loading template for "Extent.ftl"("en_CA", UTF-8, parsed) from "jar:file:/C:/Users/grace/.m2/repository/com/relevantcodes/extentreports/2.41.2/extentreports-2.41.2.jar!/com/relevantcodes/extentreports/view/Extent.ftl"
]]></system-out>
  </testcase>
  <testcase name="addCustomerTest" classname="com.jungah.testautomation.selenium.datadirven.testcases.AddCustomerTest" time="0.531">
    <failure message="Cannot find elements when the selector is null" type="java.lang.IllegalArgumentException"><![CDATA[java.lang.IllegalArgumentException: Cannot find elements when the selector is null
	at org.openqa.selenium.By$ByCssSelector.<init>(By.java:422)
	at org.openqa.selenium.By.cssSelector(By.java:116)
	at com.jungah.testautomation.selenium.datadirven.base.TestBase.click(TestBase.java:116)
	at com.jungah.testautomation.selenium.datadirven.testcases.AddCustomerTest.addCustomerTest(AddCustomerTest.java:23)
]]></failure>
    <system-out><![CDATA[=======locator  addCustBtn_CSS
========OR.getProperty  button[ng-click='addCust()']
=======locator  addbtn_CSS
========OR.getProperty  null
DEBUG   15577   [freemark] (): Couldn't find template in cache for "Extent.ftl"("en_CA", UTF-8, parsed); will try to load it.
DEBUG   15577   [freemark] (): TemplateLoader.findTemplateSource("Extent_en_CA.ftl"): Not found
DEBUG   15577   [freemark] (): TemplateLoader.findTemplateSource("Extent_en.ftl"): Not found
DEBUG   15577   [freemark] (): TemplateLoader.findTemplateSource("Extent.ftl"): Found
DEBUG   15577   [freemark] (): Loading template for "Extent.ftl"("en_CA", UTF-8, parsed) from "jar:file:/C:/Users/grace/.m2/repository/com/relevantcodes/extentreports/2.41.2/extentreports-2.41.2.jar!/com/relevantcodes/extentreports/view/Extent.ftl"
]]></system-out>
  </testcase>
  <testcase name="openAccountTest" classname="com.jungah.testautomation.selenium.datadirven.testcases.OpenAccountTest" time="10.79">
    <failure message="Cannot locate element with text: grace&#10;For documentation on this error, please visit: https://www.seleniumhq.org/exceptions/no_such_element.html&#10;Build info: version: &apos;3.141.59&apos;, revision: &apos;e82be7d358&apos;, time: &apos;2018-11-14T08:17:03&apos;&#10;System info: host: &apos;LAPTOP-UFGMCPV8&apos;, ip: &apos;192.168.0.107&apos;, os.name: &apos;Windows 10&apos;, os.arch: &apos;amd64&apos;, os.version: &apos;10.0&apos;, java.version: &apos;1.8.0_162&apos;&#10;Driver info: driver.version: unknown" type="org.openqa.selenium.NoSuchElementException">org.openqa.selenium.NoSuchElementException: Cannot locate element with text: grace
For documentation on this error, please visit: https://www.seleniumhq.org/exceptions/no_such_element.html
Build info: version: '3.141.59', revision: 'e82be7d358', time: '2018-11-14T08:17:03'
System info: host: 'LAPTOP-UFGMCPV8', ip: '192.168.0.107', os.name: 'Windows 10', os.arch: 'amd64', os.version: '10.0', java.version: '1.8.0_162'
Driver info: driver.version: unknown
	at org.openqa.selenium.support.ui.Select.selectByVisibleText(Select.java:147)
	at com.jungah.testautomation.selenium.datadirven.base.TestBase.select(TestBase.java:154)
	at com.jungah.testautomation.selenium.datadirven.testcases.OpenAccountTest.openAccountTest(OpenAccountTest.java:22)
</failure>
    <system-out><![CDATA[sheetName: openAccountTest
rows: 2
cols: 2
=======locator  openaccount_CSS
========OR.getProperty  button[ng-class='btnClass2']
DEBUG   15577   [freemark] (): Couldn't find template in cache for "Extent.ftl"("en_CA", UTF-8, parsed); will try to load it.
DEBUG   15577   [freemark] (): TemplateLoader.findTemplateSource("Extent_en_CA.ftl"): Not found
DEBUG   15577   [freemark] (): TemplateLoader.findTemplateSource("Extent_en.ftl"): Not found
DEBUG   15577   [freemark] (): TemplateLoader.findTemplateSource("Extent.ftl"): Found
DEBUG   15577   [freemark] (): Loading template for "Extent.ftl"("en_CA", UTF-8, parsed) from "jar:file:/C:/Users/grace/.m2/repository/com/relevantcodes/extentreports/2.41.2/extentreports-2.41.2.jar!/com/relevantcodes/extentreports/view/Extent.ftl"
]]></system-out>
  </testcase>
</testsuite>