<?xml version="1.0" encoding="UTF-8"?>
<!-- Generated by org.testng.reporters.JUnitXMLReporter -->
<testsuite hostname="LAPTOP-UFGMCPV8" ignored="0" name="Bank Manager LoginTest" tests="1" failures="1" timestamp="01 Mar 2019 04:59:17 GMT" time="5.299" errors="0">
  <testcase name="loginAsBankManager" time="4.695" classname="com.jungah.testautomation.selenium.datadirven.testcases.BankManagerLoginTest">
    <failure type="java.lang.IllegalArgumentException" message="Cannot find elements when the selector is null">
      <![CDATA[java.lang.IllegalArgumentException: Cannot find elements when the selector is null
at org.openqa.selenium.By$ByCssSelector.<init>(By.java:422)
at org.openqa.selenium.By.cssSelector(By.java:116)
at com.jungah.testautomation.selenium.datadirven.testcases.BankManagerLoginTest.loginAsBankManager(BankManagerLoginTest.java:19)
... Removed 25 stack frames]]>
    </failure>
  </testcase> <!-- loginAsBankManager -->
</testsuite> <!-- Bank Manager LoginTest -->
